<?xml version="1.0" encoding="UTF-8"?>
<!-- Generated by org.testng.reporters.JUnitXMLReporter -->
<testsuite ignored="0" hostname="DESKTOP-6SU9IJR" failures="0" tests="3" name="Surefire test" time="52.274" errors="0" timestamp="2024-10-08T09:33:22 EDT">
  <testcase classname="Akileshreddy.SeleniumFrameworkDesign.SubmitOrderTest" name="submitOrder" time="15.627"/>
  <testcase classname="Akileshreddy.SeleniumFrameworkDesign.SubmitOrderTest" name="submitOrder" time="15.879"/>
  <testcase classname="Akileshreddy.SeleniumFrameworkDesign.SubmitOrderTest" name="orderHistoryTest" time="1.132"/>
</testsuite> <!-- Surefire test -->
