<?xml version="1.0" encoding="UTF-8"?>
<!-- Generated by org.testng.reporters.JUnitXMLReporter -->
<testsuite ignored="0" hostname="DESKTOP-6SU9IJR" failures="0" tests="3" name="Test" time="50.533" errors="0" timestamp="2024-10-06T15:04:11 EDT">
  <testcase classname="Akileshreddy.SeleniumFrameworkDesign.Errorvalidations" name="loginErrorValidation" time="0.764"/>
  <testcase classname="Akileshreddy.SeleniumFrameworkDesign.Errorvalidations" name="productErrorValidation" time="14.929"/>
  <testcase classname="Akileshreddy.SeleniumFrameworkDesign.SubmitOrderTest" name="submitOrder" time="20.133"/>
</testsuite> <!-- Test -->
