<?xml version="1.0" encoding="UTF-8"?>
<!-- Generated by org.testng.reporters.JUnitXMLReporter -->
<testsuite ignored="2" hostname="DESKTOP-6SU9IJR" failures="0" tests="0" time="0.034" errors="0" timestamp="2024-10-08T18:28:00 EDT">
  <testcase classname="Akileshreddy.SeleniumFrameworkDesign.Errorvalidations" name="productErrorValidation" time="0.0">
    <ignored/>
  </testcase> <!-- productErrorValidation -->
  <testcase classname="Akileshreddy.SeleniumFrameworkDesign.Errorvalidations" name="loginErrorValidation" time="0.0">
    <ignored/>
  </testcase> <!-- loginErrorValidation -->
</testsuite>
