<?xml version="1.0" encoding="UTF-8"?>
<!-- Generated by org.testng.reporters.JUnitXMLReporter -->
<testsuite ignored="1" hostname="DESKTOP-6SU9IJR" failures="0" tests="2" name="Submit Order Test" time="50.004" errors="0" timestamp="2024-10-08T18:28:50 EDT">
  <testcase classname="Akileshreddy.SeleniumFrameworkDesign.SubmitOrderTest" name="submitOrder" time="16.202"/>
  <testcase classname="Akileshreddy.SeleniumFrameworkDesign.SubmitOrderTest" name="submitOrder" time="16.139"/>
  <testcase classname="Akileshreddy.SeleniumFrameworkDesign.SubmitOrderTest" name="orderHistoryTest" time="0.0">
    <ignored/>
  </testcase> <!-- orderHistoryTest -->
</testsuite> <!-- Submit Order Test -->
