<?xml version="1.0" encoding="UTF-8"?>
<testsuite xmlns:xsi="http://www.w3.org/2001/XMLSchema-instance" xsi:noNamespaceSchemaLocation="https://maven.apache.org/surefire/maven-surefire-plugin/xsd/surefire-test-report.xsd" version="3.0.2" name="TestSuite" time="50.912" tests="2" errors="0" skipped="0" failures="0">
  <properties>
[...]
</properties>
  <testcase name="submitOrder[{password=Akilesh@123, item=ADIDAS ORIGINAL, email=akileshnikki@outlook.com}](1)" classname="Akileshreddy.SeleniumFrameworkDesign.SubmitOrderTest" time="16.208">
    <system-err><![CDATA[SLF4J: Failed to load class "org.slf4j.impl.StaticLoggerBinder".
SLF4J: Defaulting to no-operation (NOP) logger implementation
SLF4J: See http://www.slf4j.org/codes.html#StaticLoggerBinder for further details.
]]></system-err>
  </testcase>
  <testcase name="submitOrder[{password=Akilesh@123, item=ZARA COAT 3, email=akileshnikki@outlook.com}](2)" classname="Akileshreddy.SeleniumFrameworkDesign.SubmitOrderTest" time="16.139"/>
</testsuite>